2018-03-10 00:35:23 INFO  Main:14 - Starting program_____________________________
2018-03-10 02:45:06 INFO  Main:19 - Starting program_____________________________
2018-03-10 02:45:40 INFO  Main:19 - Starting program_____________________________
2018-03-10 03:26:34 INFO  Main:20 - Starting program_____________________________
2018-03-10 03:27:04 INFO  Main:20 - Starting program_____________________________
2018-03-10 03:56:54 INFO  Main:20 - Starting program_____________________________
2018-03-10 03:56:54 INFO  factoryClass:15 - Запрос у фабрики на создание элемента 
2018-03-10 03:56:54 INFO  factoryClass:15 - Запрос у фабрики на создание элемента 
2018-03-10 03:56:54 INFO  LibraryMan:23 - Метод вывода библиотеки класс libraryMan
2018-03-10 03:56:54 INFO  book:27 - Метод talksUrself1000 лье под водой 1200 Жьль верн
2018-03-10 03:56:54 INFO  Catalogue:25 - Метод talksUrselfВред бомжей 190 ООО МИнскЗаБомжей
2018-03-10 03:56:54 INFO  LibraryMan:40 - Метод сортировки библиотеки класс libraryMan
2018-03-10 03:56:54 INFO  LibraryMan:23 - Метод вывода библиотеки класс libraryMan
2018-03-10 03:56:54 INFO  book:27 - Метод talksUrself1000 лье под водой 1200 Жьль верн
2018-03-10 03:56:54 INFO  Catalogue:25 - Метод talksUrselfВред бомжей 190 ООО МИнскЗаБомжей
2018-03-10 03:56:54 INFO  Main:42 - Program is end!
2018-03-19 01:53:09 INFO  Main:25 - Starting program_____________________________
2018-03-19 01:53:09 INFO  factoryClass:15 - Запрос у фабрики на создание элемента 
2018-03-19 01:53:09 INFO  factoryClass:15 - Запрос у фабрики на создание элемента 
2018-03-19 01:53:09 INFO  LibraryMan:23 - Метод вывода библиотеки класс libraryMan
2018-03-19 01:53:09 INFO  book:26 - Метод talksUrself1000 лье под водой 1200 Жьль верн
2018-03-19 01:53:09 INFO  Catalogue:25 - Метод talksUrselfВред бомжей 190 ООО МИнскЗаБомжей
2018-03-19 01:53:09 INFO  LibraryMan:40 - Метод сортировки библиотеки класс libraryMan
2018-03-19 01:53:09 INFO  LibraryMan:23 - Метод вывода библиотеки класс libraryMan
2018-03-19 01:53:09 INFO  book:26 - Метод talksUrself1000 лье под водой 1200 Жьль верн
2018-03-19 01:53:09 INFO  Catalogue:25 - Метод talksUrselfВред бомжей 190 ООО МИнскЗаБомжей
2018-03-19 01:54:07 INFO  Main:25 - Starting program_____________________________
2018-03-19 01:54:07 INFO  factoryClass:15 - Запрос у фабрики на создание элемента 
2018-03-19 01:54:07 INFO  factoryClass:15 - Запрос у фабрики на создание элемента 
2018-03-19 01:54:07 INFO  LibraryMan:23 - Метод вывода библиотеки класс libraryMan
2018-03-19 01:54:07 INFO  book:26 - Метод talksUrself1000 лье под водой 1200 Жьль верн
2018-03-19 01:54:07 INFO  Catalogue:25 - Метод talksUrselfВред бомжей 190 ООО МИнскЗаБомжей
2018-03-19 01:54:07 INFO  LibraryMan:40 - Метод сортировки библиотеки класс libraryMan
2018-03-19 01:54:07 INFO  LibraryMan:23 - Метод вывода библиотеки класс libraryMan
2018-03-19 01:54:07 INFO  book:26 - Метод talksUrself1000 лье под водой 1200 Жьль верн
2018-03-19 01:54:07 INFO  Catalogue:25 - Метод talksUrselfВред бомжей 190 ООО МИнскЗаБомжей
2018-03-19 01:55:09 INFO  Main:25 - Starting program_____________________________
2018-03-19 01:55:09 INFO  factoryClass:15 - Запрос у фабрики на создание элемента 
2018-03-19 01:55:09 INFO  factoryClass:15 - Запрос у фабрики на создание элемента 
2018-03-19 01:55:09 INFO  LibraryMan:23 - Метод вывода библиотеки класс libraryMan
2018-03-19 01:55:09 INFO  book:26 - Метод talksUrself1000 лье под водой 1200 Жьль верн
2018-03-19 01:55:09 INFO  Catalogue:25 - Метод talksUrselfВред бомжей 190 ООО МИнскЗаБомжей
2018-03-19 01:55:09 INFO  LibraryMan:40 - Метод сортировки библиотеки класс libraryMan
2018-03-19 01:55:09 INFO  LibraryMan:23 - Метод вывода библиотеки класс libraryMan
2018-03-19 01:55:09 INFO  book:26 - Метод talksUrself1000 лье под водой 1200 Жьль верн
2018-03-19 01:55:09 INFO  Catalogue:25 - Метод talksUrselfВред бомжей 190 ООО МИнскЗаБомжей
2018-03-19 01:55:31 INFO  Main:25 - Starting program_____________________________
2018-03-19 01:55:31 INFO  factoryClass:15 - Запрос у фабрики на создание элемента 
2018-03-19 01:55:31 INFO  factoryClass:15 - Запрос у фабрики на создание элемента 
2018-03-19 01:55:31 INFO  LibraryMan:23 - Метод вывода библиотеки класс libraryMan
2018-03-19 01:55:31 INFO  book:26 - Метод talksUrself1000 лье под водой 1200 Жьль верн
2018-03-19 01:55:31 INFO  Catalogue:25 - Метод talksUrselfВред бомжей 190 ООО МИнскЗаБомжей
2018-03-19 01:55:31 INFO  LibraryMan:40 - Метод сортировки библиотеки класс libraryMan
2018-03-19 01:55:31 INFO  LibraryMan:23 - Метод вывода библиотеки класс libraryMan
2018-03-19 01:55:31 INFO  book:26 - Метод talksUrself1000 лье под водой 1200 Жьль верн
2018-03-19 01:55:31 INFO  Catalogue:25 - Метод talksUrselfВред бомжей 190 ООО МИнскЗаБомжей
2018-03-19 01:56:23 INFO  Main:24 - Starting program_____________________________
2018-03-19 01:56:23 INFO  factoryClass:15 - Запрос у фабрики на создание элемента 
2018-03-19 01:56:23 INFO  factoryClass:15 - Запрос у фабрики на создание элемента 
2018-03-19 01:56:23 INFO  LibraryMan:23 - Метод вывода библиотеки класс libraryMan
2018-03-19 01:56:23 INFO  book:26 - Метод talksUrself1000 лье под водой 1200 Жьль верн
2018-03-19 01:56:23 INFO  Catalogue:25 - Метод talksUrselfВред бомжей 190 ООО МИнскЗаБомжей
2018-03-19 01:56:23 INFO  LibraryMan:40 - Метод сортировки библиотеки класс libraryMan
2018-03-19 01:56:23 INFO  LibraryMan:23 - Метод вывода библиотеки класс libraryMan
2018-03-19 01:56:23 INFO  book:26 - Метод talksUrself1000 лье под водой 1200 Жьль верн
2018-03-19 01:56:23 INFO  Catalogue:25 - Метод talksUrselfВред бомжей 190 ООО МИнскЗаБомжей
2018-03-19 01:56:23 INFO  Main:49 - Program is end!
2018-03-19 02:18:04 INFO  Main:28 - Starting program_____________________________
2018-03-19 02:18:04 INFO  factoryClass:15 - Запрос у фабрики на создание элемента 
2018-03-19 02:18:04 INFO  factoryClass:15 - Запрос у фабрики на создание элемента 
2018-03-19 02:18:04 INFO  LibraryMan:23 - Метод вывода библиотеки класс libraryMan
2018-03-19 02:18:04 INFO  book:26 - Метод talksUrself1000 лье под водой 1200 Жьль верн
2018-03-19 02:18:04 INFO  Catalogue:25 - Метод talksUrselfВред бомжей 190 ООО МИнскЗаБомжей
2018-03-19 02:18:04 INFO  LibraryMan:40 - Метод сортировки библиотеки класс libraryMan
2018-03-19 02:18:04 INFO  LibraryMan:23 - Метод вывода библиотеки класс libraryMan
2018-03-19 02:18:04 INFO  book:26 - Метод talksUrself1000 лье под водой 1200 Жьль верн
2018-03-19 02:18:04 INFO  Catalogue:25 - Метод talksUrselfВред бомжей 190 ООО МИнскЗаБомжей
2018-03-19 02:18:04 INFO  Main:57 - Program is end!
2018-03-19 02:24:06 INFO  Main:26 - Starting program_____________________________
2018-03-19 02:24:06 INFO  factoryClass:15 - Запрос у фабрики на создание элемента 
2018-03-19 02:24:06 INFO  factoryClass:15 - Запрос у фабрики на создание элемента 
2018-03-19 02:24:06 INFO  LibraryMan:23 - Метод вывода библиотеки класс libraryMan
2018-03-19 02:24:06 INFO  book:26 - Метод talksUrself1000 лье под водой 1200 Жьль верн
2018-03-19 02:24:06 INFO  Catalogue:25 - Метод talksUrselfВред бомжей 190 ООО МИнскЗаБомжей
2018-03-19 02:24:06 INFO  LibraryMan:40 - Метод сортировки библиотеки класс libraryMan
2018-03-19 02:24:06 INFO  LibraryMan:23 - Метод вывода библиотеки класс libraryMan
2018-03-19 02:24:06 INFO  book:26 - Метод talksUrself1000 лье под водой 1200 Жьль верн
2018-03-19 02:24:06 INFO  Catalogue:25 - Метод talksUrselfВред бомжей 190 ООО МИнскЗаБомжей
2018-03-19 02:24:07 INFO  book:26 - Метод talksUrself1000 лье под водой 1200 Жьль верн
2018-03-19 02:24:07 INFO  Main:57 - Program is end!
2018-03-19 02:24:38 INFO  Main:26 - Starting program_____________________________
2018-03-19 02:24:38 INFO  factoryClass:15 - Запрос у фабрики на создание элемента 
2018-03-19 02:24:38 INFO  factoryClass:15 - Запрос у фабрики на создание элемента 
2018-03-19 02:24:38 INFO  LibraryMan:23 - Метод вывода библиотеки класс libraryMan
2018-03-19 02:24:38 INFO  book:26 - Метод talksUrself1000 лье под водой 1200 Жьль верн
2018-03-19 02:24:38 INFO  Catalogue:25 - Метод talksUrselfВред бомжей 190 ООО МИнскЗаБомжей
2018-03-19 02:24:38 INFO  LibraryMan:40 - Метод сортировки библиотеки класс libraryMan
2018-03-19 02:24:38 INFO  LibraryMan:23 - Метод вывода библиотеки класс libraryMan
2018-03-19 02:24:38 INFO  book:26 - Метод talksUrself1000 лье под водой 1200 Жьль верн
2018-03-19 02:24:38 INFO  Catalogue:25 - Метод talksUrselfВред бомжей 190 ООО МИнскЗаБомжей
2018-03-19 02:24:38 INFO  book:26 - Метод talksUrself1000 лье под водой 1200 Жьль верн
2018-03-19 02:24:38 INFO  Main:58 - Program is end!
2018-03-19 02:25:15 INFO  Main:26 - Starting program_____________________________
2018-03-19 02:25:15 INFO  factoryClass:15 - Запрос у фабрики на создание элемента 
2018-03-19 02:25:15 INFO  factoryClass:15 - Запрос у фабрики на создание элемента 
2018-03-19 02:25:15 INFO  LibraryMan:23 - Метод вывода библиотеки класс libraryMan
2018-03-19 02:25:15 INFO  book:26 - Метод talksUrself1000 лье под водой 1200 Жьль верн
2018-03-19 02:25:15 INFO  Catalogue:25 - Метод talksUrselfВред бомжей 190 ООО МИнскЗаБомжей
2018-03-19 02:25:15 INFO  LibraryMan:40 - Метод сортировки библиотеки класс libraryMan
2018-03-19 02:25:15 INFO  LibraryMan:23 - Метод вывода библиотеки класс libraryMan
2018-03-19 02:25:15 INFO  book:26 - Метод talksUrself1000 лье под водой 1200 Жьль верн
2018-03-19 02:25:15 INFO  Catalogue:25 - Метод talksUrselfВред бомжей 190 ООО МИнскЗаБомжей
2018-03-19 02:25:16 INFO  Main:58 - Program is end!
2018-03-19 02:26:37 INFO  Main:26 - Starting program_____________________________
2018-03-19 02:26:37 INFO  factoryClass:15 - Запрос у фабрики на создание элемента 
2018-03-19 02:26:37 INFO  factoryClass:15 - Запрос у фабрики на создание элемента 
2018-03-19 02:26:37 INFO  LibraryMan:23 - Метод вывода библиотеки класс libraryMan
2018-03-19 02:26:37 INFO  book:26 - Метод talksUrself1000 лье под водой 1200 Жьль верн
2018-03-19 02:26:37 INFO  Catalogue:25 - Метод talksUrselfВред бомжей 190 ООО МИнскЗаБомжей
2018-03-19 02:26:37 INFO  LibraryMan:40 - Метод сортировки библиотеки класс libraryMan
2018-03-19 02:26:37 INFO  LibraryMan:23 - Метод вывода библиотеки класс libraryMan
2018-03-19 02:26:37 INFO  book:26 - Метод talksUrself1000 лье под водой 1200 Жьль верн
2018-03-19 02:26:37 INFO  Catalogue:25 - Метод talksUrselfВред бомжей 190 ООО МИнскЗаБомжей
2018-03-19 02:26:38 INFO  Main:56 - Program is end!
2018-03-21 01:46:59 INFO  Main:31 - Starting program_____________________________
2018-03-21 01:46:59 INFO  factoryClass:15 - Запрос у фабрики на создание элемента 
2018-03-21 01:46:59 INFO  factoryClass:15 - Запрос у фабрики на создание элемента 
2018-03-21 01:46:59 INFO  LibraryMan:23 - Метод вывода библиотеки класс libraryMan
2018-03-21 01:46:59 INFO  book:26 - Метод talksUrself1000 лье под водой 1200 Жьль верн
2018-03-21 01:46:59 INFO  Catalogue:25 - Метод talksUrselfВред бомжей 190 ООО МИнскЗаБомжей
2018-03-21 01:46:59 INFO  LibraryMan:40 - Метод сортировки библиотеки класс libraryMan
2018-03-21 01:46:59 INFO  LibraryMan:23 - Метод вывода библиотеки класс libraryMan
2018-03-21 01:46:59 INFO  book:26 - Метод talksUrself1000 лье под водой 1200 Жьль верн
2018-03-21 01:46:59 INFO  Catalogue:25 - Метод talksUrselfВред бомжей 190 ООО МИнскЗаБомжей
2018-03-21 02:04:33 INFO  Main:31 - Starting program_____________________________
2018-03-21 02:04:33 INFO  factoryClass:15 - Запрос у фабрики на создание элемента 
2018-03-21 02:04:33 INFO  factoryClass:15 - Запрос у фабрики на создание элемента 
2018-03-21 02:04:33 INFO  LibraryMan:23 - Метод вывода библиотеки класс libraryMan
2018-03-21 02:04:33 INFO  book:26 - Метод talksUrself1000 лье под водой 1200 Жьль верн
2018-03-21 02:04:33 INFO  Catalogue:25 - Метод talksUrselfВред бомжей 190 ООО МИнскЗаБомжей
2018-03-21 02:04:33 INFO  LibraryMan:40 - Метод сортировки библиотеки класс libraryMan
2018-03-21 02:04:33 INFO  LibraryMan:23 - Метод вывода библиотеки класс libraryMan
2018-03-21 02:04:33 INFO  book:26 - Метод talksUrself1000 лье под водой 1200 Жьль верн
2018-03-21 02:04:33 INFO  Catalogue:25 - Метод talksUrselfВред бомжей 190 ООО МИнскЗаБомжей
2018-03-21 02:04:33 INFO  Main:73 - Program is end!
2018-03-21 02:21:34 INFO  Main:35 - Starting program_____________________________
2018-03-21 02:21:34 INFO  factoryClass:15 - Запрос у фабрики на создание элемента 
2018-03-21 02:21:34 INFO  factoryClass:15 - Запрос у фабрики на создание элемента 
2018-03-21 02:21:34 INFO  LibraryMan:23 - Метод вывода библиотеки класс libraryMan
2018-03-21 02:21:34 INFO  book:26 - Метод talksUrself1000 лье под водой 1200 Жьль верн
2018-03-21 02:21:34 INFO  Catalogue:25 - Метод talksUrselfВред бомжей 190 ООО МИнскЗаБомжей
2018-03-21 02:21:34 INFO  LibraryMan:40 - Метод сортировки библиотеки класс libraryMan
2018-03-21 02:21:34 INFO  LibraryMan:23 - Метод вывода библиотеки класс libraryMan
2018-03-21 02:21:34 INFO  book:26 - Метод talksUrself1000 лье под водой 1200 Жьль верн
2018-03-21 02:21:34 INFO  Catalogue:25 - Метод talksUrselfВред бомжей 190 ООО МИнскЗаБомжей
2018-03-21 02:22:04 INFO  Main:35 - Starting program_____________________________
2018-03-21 02:22:04 INFO  factoryClass:15 - Запрос у фабрики на создание элемента 
2018-03-21 02:22:04 INFO  factoryClass:15 - Запрос у фабрики на создание элемента 
2018-03-21 02:22:04 INFO  LibraryMan:23 - Метод вывода библиотеки класс libraryMan
2018-03-21 02:22:04 INFO  book:26 - Метод talksUrself1000 лье под водой 1200 Жьль верн
2018-03-21 02:22:04 INFO  Catalogue:25 - Метод talksUrselfВред бомжей 190 ООО МИнскЗаБомжей
2018-03-21 02:22:04 INFO  LibraryMan:40 - Метод сортировки библиотеки класс libraryMan
2018-03-21 02:22:04 INFO  LibraryMan:23 - Метод вывода библиотеки класс libraryMan
2018-03-21 02:22:04 INFO  book:26 - Метод talksUrself1000 лье под водой 1200 Жьль верн
2018-03-21 02:22:04 INFO  Catalogue:25 - Метод talksUrselfВред бомжей 190 ООО МИнскЗаБомжей
2018-03-21 02:22:04 INFO  Main:85 - Program is end!
2018-03-21 02:40:49 INFO  Main:36 - Starting program_____________________________
2018-03-21 02:40:49 INFO  factoryClass:15 - Запрос у фабрики на создание элемента 
2018-03-21 02:40:49 INFO  factoryClass:15 - Запрос у фабрики на создание элемента 
2018-03-21 02:40:49 INFO  LibraryMan:23 - Метод вывода библиотеки класс libraryMan
2018-03-21 02:40:49 INFO  book:26 - Метод talksUrself1000 лье под водой 1200 Жьль верн
2018-03-21 02:40:49 INFO  Catalogue:25 - Метод talksUrselfВред бомжей 190 ООО МИнскЗаБомжей
2018-03-21 02:40:49 INFO  LibraryMan:40 - Метод сортировки библиотеки класс libraryMan
2018-03-21 02:40:49 INFO  LibraryMan:23 - Метод вывода библиотеки класс libraryMan
2018-03-21 02:40:49 INFO  book:26 - Метод talksUrself1000 лье под водой 1200 Жьль верн
2018-03-21 02:40:49 INFO  Catalogue:25 - Метод talksUrselfВред бомжей 190 ООО МИнскЗаБомжей
2018-03-21 02:40:49 INFO  Main:91 - Program is end!
2018-03-21 02:49:37 INFO  Main:39 - Starting program_____________________________
2018-03-21 02:49:37 INFO  factoryClass:15 - Запрос у фабрики на создание элемента 
2018-03-21 02:49:37 INFO  factoryClass:15 - Запрос у фабрики на создание элемента 
2018-03-21 02:49:37 INFO  LibraryMan:23 - Метод вывода библиотеки класс libraryMan
2018-03-21 02:49:37 INFO  book:26 - Метод talksUrself1000 лье под водой 1200 Жьль верн
2018-03-21 02:49:37 INFO  Catalogue:25 - Метод talksUrselfВред бомжей 190 ООО МИнскЗаБомжей
2018-03-21 02:49:37 INFO  LibraryMan:40 - Метод сортировки библиотеки класс libraryMan
2018-03-21 02:49:37 INFO  LibraryMan:23 - Метод вывода библиотеки класс libraryMan
2018-03-21 02:49:37 INFO  book:26 - Метод talksUrself1000 лье под водой 1200 Жьль верн
2018-03-21 02:49:37 INFO  Catalogue:25 - Метод talksUrselfВред бомжей 190 ООО МИнскЗаБомжей
2018-03-21 02:50:21 INFO  Main:39 - Starting program_____________________________
2018-03-21 02:50:21 INFO  factoryClass:15 - Запрос у фабрики на создание элемента 
2018-03-21 02:50:21 INFO  factoryClass:15 - Запрос у фабрики на создание элемента 
2018-03-21 02:50:21 INFO  LibraryMan:23 - Метод вывода библиотеки класс libraryMan
2018-03-21 02:50:21 INFO  book:26 - Метод talksUrself1000 лье под водой 1200 Жьль верн
2018-03-21 02:50:21 INFO  Catalogue:25 - Метод talksUrselfВред бомжей 190 ООО МИнскЗаБомжей
2018-03-21 02:50:21 INFO  LibraryMan:40 - Метод сортировки библиотеки класс libraryMan
2018-03-21 02:50:21 INFO  LibraryMan:23 - Метод вывода библиотеки класс libraryMan
2018-03-21 02:50:21 INFO  book:26 - Метод talksUrself1000 лье под водой 1200 Жьль верн
2018-03-21 02:50:21 INFO  Catalogue:25 - Метод talksUrselfВред бомжей 190 ООО МИнскЗаБомжей
2018-03-21 02:50:22 INFO  Main:100 - Program is end!
2018-03-21 02:55:51 INFO  Main:40 - Starting program_____________________________
2018-03-21 02:55:51 INFO  factoryClass:15 - Запрос у фабрики на создание элемента 
2018-03-21 02:55:51 INFO  factoryClass:15 - Запрос у фабрики на создание элемента 
2018-03-21 02:55:51 INFO  LibraryMan:23 - Метод вывода библиотеки класс libraryMan
2018-03-21 02:55:51 INFO  book:26 - Метод talksUrself1000 лье под водой 1200 Жьль верн
2018-03-21 02:55:51 INFO  Catalogue:25 - Метод talksUrselfВред бомжей 190 ООО МИнскЗаБомжей
2018-03-21 02:55:51 INFO  LibraryMan:40 - Метод сортировки библиотеки класс libraryMan
2018-03-21 02:55:51 INFO  LibraryMan:23 - Метод вывода библиотеки класс libraryMan
2018-03-21 02:55:51 INFO  book:26 - Метод talksUrself1000 лье под водой 1200 Жьль верн
2018-03-21 02:55:51 INFO  Catalogue:25 - Метод talksUrselfВред бомжей 190 ООО МИнскЗаБомжей
2018-03-21 02:55:52 INFO  Main:105 - Program is end!
2018-03-21 02:58:50 INFO  Main:40 - Starting program_____________________________
2018-03-21 02:58:50 INFO  factoryClass:15 - Запрос у фабрики на создание элемента 
2018-03-21 02:58:50 INFO  factoryClass:15 - Запрос у фабрики на создание элемента 
2018-03-21 02:58:50 INFO  LibraryMan:23 - Метод вывода библиотеки класс libraryMan
2018-03-21 02:58:51 INFO  book:26 - Метод talksUrself1000 лье под водой 1200 Жьль верн
2018-03-21 02:58:51 INFO  Catalogue:25 - Метод talksUrselfВред бомжей 190 ООО МИнскЗаБомжей
2018-03-21 02:58:51 INFO  LibraryMan:40 - Метод сортировки библиотеки класс libraryMan
2018-03-21 02:58:51 INFO  LibraryMan:23 - Метод вывода библиотеки класс libraryMan
2018-03-21 02:58:51 INFO  book:26 - Метод talksUrself1000 лье под водой 1200 Жьль верн
2018-03-21 02:58:51 INFO  Catalogue:25 - Метод talksUrselfВред бомжей 190 ООО МИнскЗаБомжей
2018-03-21 02:58:52 INFO  Main:105 - Program is end!
2018-03-21 03:00:48 INFO  Main:40 - Starting program_____________________________
2018-03-21 03:00:48 INFO  factoryClass:15 - Запрос у фабрики на создание элемента 
2018-03-21 03:00:48 INFO  factoryClass:15 - Запрос у фабрики на создание элемента 
2018-03-21 03:00:48 INFO  LibraryMan:23 - Метод вывода библиотеки класс libraryMan
2018-03-21 03:00:48 INFO  book:26 - Метод talksUrself1000 лье под водой 1200 Жьль верн
2018-03-21 03:00:48 INFO  Catalogue:25 - Метод talksUrselfВред бомжей 190 ООО МИнскЗаБомжей
2018-03-21 03:00:48 INFO  LibraryMan:40 - Метод сортировки библиотеки класс libraryMan
2018-03-21 03:00:48 INFO  LibraryMan:23 - Метод вывода библиотеки класс libraryMan
2018-03-21 03:00:48 INFO  book:26 - Метод talksUrself1000 лье под водой 1200 Жьль верн
2018-03-21 03:00:48 INFO  Catalogue:25 - Метод talksUrselfВред бомжей 190 ООО МИнскЗаБомжей
2018-03-21 03:00:49 INFO  Main:106 - Program is end!
2018-03-21 03:08:11 INFO  Main:40 - Starting program_____________________________
2018-03-21 03:08:11 INFO  factoryClass:15 - Запрос у фабрики на создание элемента 
2018-03-21 03:08:11 INFO  factoryClass:15 - Запрос у фабрики на создание элемента 
2018-03-21 03:08:11 INFO  LibraryMan:23 - Метод вывода библиотеки класс libraryMan
2018-03-21 03:08:11 INFO  book:26 - Метод talksUrself1000 лье под водой 1200 Жьль верн
2018-03-21 03:08:11 INFO  Catalogue:25 - Метод talksUrselfВред бомжей 190 ООО МИнскЗаБомжей
2018-03-21 03:08:11 INFO  LibraryMan:40 - Метод сортировки библиотеки класс libraryMan
2018-03-21 03:08:11 INFO  LibraryMan:23 - Метод вывода библиотеки класс libraryMan
2018-03-21 03:08:11 INFO  book:26 - Метод talksUrself1000 лье под водой 1200 Жьль верн
2018-03-21 03:08:11 INFO  Catalogue:25 - Метод talksUrselfВред бомжей 190 ООО МИнскЗаБомжей
2018-03-21 03:08:12 INFO  Main:107 - Program is end!
2018-03-21 03:08:47 INFO  Main:40 - Starting program_____________________________
2018-03-21 03:08:47 INFO  factoryClass:15 - Запрос у фабрики на создание элемента 
2018-03-21 03:08:47 INFO  factoryClass:15 - Запрос у фабрики на создание элемента 
2018-03-21 03:08:47 INFO  LibraryMan:23 - Метод вывода библиотеки класс libraryMan
2018-03-21 03:08:47 INFO  book:26 - Метод talksUrself1000 лье под водой 1200 Жьль верн
2018-03-21 03:08:47 INFO  Catalogue:25 - Метод talksUrselfВред бомжей 190 ООО МИнскЗаБомжей
2018-03-21 03:08:47 INFO  LibraryMan:40 - Метод сортировки библиотеки класс libraryMan
2018-03-21 03:08:47 INFO  LibraryMan:23 - Метод вывода библиотеки класс libraryMan
2018-03-21 03:08:47 INFO  book:26 - Метод talksUrself1000 лье под водой 1200 Жьль верн
2018-03-21 03:08:47 INFO  Catalogue:25 - Метод talksUrselfВред бомжей 190 ООО МИнскЗаБомжей
2018-03-21 03:09:38 INFO  Main:40 - Starting program_____________________________
2018-03-21 03:09:38 INFO  factoryClass:15 - Запрос у фабрики на создание элемента 
2018-03-21 03:09:38 INFO  factoryClass:15 - Запрос у фабрики на создание элемента 
2018-03-21 03:09:38 INFO  LibraryMan:23 - Метод вывода библиотеки класс libraryMan
2018-03-21 03:09:38 INFO  book:26 - Метод talksUrself1000 лье под водой 1200 Жьль верн
2018-03-21 03:09:38 INFO  Catalogue:25 - Метод talksUrselfВред бомжей 190 ООО МИнскЗаБомжей
2018-03-21 03:09:38 INFO  LibraryMan:40 - Метод сортировки библиотеки класс libraryMan
2018-03-21 03:09:38 INFO  LibraryMan:23 - Метод вывода библиотеки класс libraryMan
2018-03-21 03:09:38 INFO  book:26 - Метод talksUrself1000 лье под водой 1200 Жьль верн
2018-03-21 03:09:38 INFO  Catalogue:25 - Метод talksUrselfВред бомжей 190 ООО МИнскЗаБомжей
2018-03-21 03:09:40 INFO  Main:107 - Program is end!
