04.05.2018 14:15:06 [main] INFO  by.basil.one.Main  - All authors

04.05.2018 14:15:06 [main] INFO  by.basil.one.Main  - [
Author{author='Lui Mark', country='США'}, 
Author{author='Yakupov Nail', country='Дагестан'}, 
Author{author='Богданович Максим', country='Беларусь'}, 
Author{author='Горький Максим', country='Россия'}, 
Author{author='Толстой Алексей', country='Россия'}]

04.05.2018 14:15:06 [main] INFO  by.basil.one.Main  - авторы у которых больше 1-ой книги
04.05.2018 14:15:06 [main] INFO  by.basil.one.Main  - [
Author{author='Богданович Максим', country='Беларусь'}, 
Author{author='Горький Максим', country='Россия'}]
04.05.2018 14:15:06 [main] INFO  by.basil.one.Main  - Список всех книг
04.05.2018 14:15:06 [main] INFO  by.basil.one.Main  - [
Books{ name_of_book='Человек', author='Горький Максим', released='1903-01-01', publishing_house='Московская патриархия', id_book=1}, 
Books{ name_of_book='Вянок', author='Богданович Максим', released='1914-01-01', publishing_house='Марцін Кухта', id_book=2}, 
Books{ name_of_book='Гиперболоид инженера Гарина', author='Толстой Алексей', released='2017-05-01', publishing_house='Современник', id_book=3}, 
Books{ name_of_book='Мусульмане в космосе', author='Yakupov Nail', released='2017-01-01', publishing_house='ЛитВек', id_book=4}, 
Books{ name_of_book='James in Boston', author='Lui Mark', released='2018-01-01', publishing_house='LibUk', id_book=5}, 
Books{ name_of_book='Дети солнца', author='Горький Максим', released='1905-01-01', publishing_house='Московская патриархия', id_book=6}, 
Books{ name_of_book='На дне', author='Горький Максим', released='1903-01-01', publishing_house='Московская патриархия', id_book=7}, 
Books{ name_of_book='Чудаки', author='Горький Максим', released='1903-01-01', publishing_house='Московская патриархия', id_book=8}, 
Books{ name_of_book='ПРЫЙДЗЕ ВЯСНА', author='Богданович Максим', released='1910-01-01', publishing_house='Марцін Кухта', id_book=9}, 
Books{ name_of_book='РУСАЛКА', author='Богданович Максим', released='1911-01-17', publishing_house='Марцін Кухта', id_book=10}]

04.05.2018 14:15:06 [main] INFO  by.basil.one.Main  - Книги, вышедшие в текущем и прошлом году
04.05.2018 14:15:06 [main] INFO  by.basil.one.Main  - [
Books{ name_of_book='Гиперболоид инженера Гарина', author='Толстой Алексей', released='2017-05-01', publishing_house='Современник', id_book=3}, 
Books{ name_of_book='Мусульмане в космосе', author='Yakupov Nail', released='2017-01-01', publishing_house='ЛитВек', id_book=4}, 
Books{ name_of_book='James in Boston', author='Lui Mark', released='2018-01-01', publishing_house='LibUk', id_book=5}]

04.05.2018 14:15:06 [main] INFO  by.basil.one.Main  - Список оставшихся книг после удаления
04.05.2018 14:15:06 [main] INFO  by.basil.one.Main  - [
Books{ name_of_book='Вянок', author='Богданович Максим', released='1914-01-01', publishing_house='Марцін Кухта', id_book=2}, 
Books{ name_of_book='Гиперболоид инженера Гарина', author='Толстой Алексей', released='2017-05-01', publishing_house='Современник', id_book=3}, 
Books{ name_of_book='Мусульмане в космосе', author='Yakupov Nail', released='2017-01-01', publishing_house='ЛитВек', id_book=4}, 
Books{ name_of_book='James in Boston', author='Lui Mark', released='2018-01-01', publishing_house='LibUk', id_book=5}, 
Books{ name_of_book='Дети солнца', author='Горький Максим', released='1905-01-01', publishing_house='Московская патриархия', id_book=6}, 
Books{ name_of_book='ПРЫЙДЗЕ ВЯСНА', author='Богданович Максим', released='1910-01-01', publishing_house='Марцін Кухта', id_book=9}, 
Books{ name_of_book='РУСАЛКА', author='Богданович Максим', released='1911-01-17', publishing_house='Марцін Кухта', id_book=10}]

